<?xml version="1.0" encoding="UTF-8"?>
<testng-results ignored="0" total="1" passed="1" failed="0" skipped="0">
  <reporter-output>
  </reporter-output>
  <suite started-at="2021-08-14T17:49:53 IST" name="Default suite" finished-at="2021-08-14T17:49:55 IST" duration-ms="2552">
    <groups>
    </groups>
    <test started-at="2021-08-14T17:49:53 IST" name="Default test" finished-at="2021-08-14T17:49:55 IST" duration-ms="2552">
      <class name="com.APITesting.TestAPI">
        <test-method signature="ResponseCode()[pri:0, instance:com.APITesting.TestAPI@159f197]" started-at="2021-08-14T17:49:53 IST" name="ResponseCode" finished-at="2021-08-14T17:49:55 IST" duration-ms="2516" status="PASS">
          <reporter-output>
          </reporter-output>
        </test-method> <!-- ResponseCode -->
      </class> <!-- com.APITesting.TestAPI -->
    </test> <!-- Default test -->
  </suite> <!-- Default suite -->
</testng-results>
